<?xml version="1.0" encoding="UTF-8"?>
<!-- Generated by org.testng.reporters.JUnitReportReporter -->
<testsuite hostname="DESKTOP-VRBAL0D" failures="0" tests="4" name="com.ohrm.testcases.LoginPageTest" time="71.167" errors="0" timestamp="2023-01-30T20:44:24 IST" skipped="0">
  <testcase classname="com.ohrm.testcases.LoginPageTest" name="companyLinkTest" time="16.595"/>
  <system-out/>
  <testcase classname="com.ohrm.testcases.LoginPageTest" name="validateLogin" time="21.630"/>
  <system-out/>
  <testcase classname="com.ohrm.testcases.LoginPageTest" name="forgotPasswordTest" time="15.457"/>
  <system-out/>
  <testcase classname="com.ohrm.testcases.LoginPageTest" name="validateTitleTest" time="17.485"/>
  <system-out/>
</testsuite> <!-- com.ohrm.testcases.LoginPageTest -->
