<?xml version="1.0" encoding="UTF-8"?>
<!-- Generated by org.testng.reporters.JUnitReportReporter -->
<testsuite hostname="DESKTOP-VRBAL0D" failures="0" tests="4" name="com.ohrm.pages.LoginPageTest" time="86.483" errors="0" timestamp="2023-01-19T22:11:28 IST" skipped="0">
  <testcase classname="com.ohrm.pages.LoginPageTest" name="companyLinkTest" time="16.934"/>
  <system-out/>
  <testcase classname="com.ohrm.pages.LoginPageTest" name="forgotPasswordTest" time="30.038"/>
  <system-out/>
  <testcase classname="com.ohrm.pages.LoginPageTest" name="validateLogin" time="14.705"/>
  <system-out/>
  <testcase classname="com.ohrm.pages.LoginPageTest" name="validateTitleTest" time="24.806"/>
  <system-out/>
</testsuite> <!-- com.ohrm.pages.LoginPageTest -->
