<?xml version="1.0" encoding="UTF-8"?>
<!-- Generated by org.testng.reporters.JUnitReportReporter -->
<testsuite hostname="DESKTOP-VRBAL0D" failures="0" tests="1" name="com.ohrm.testcases.DashboardPageTest" time="23.828" errors="0" timestamp="2023-01-30T20:54:08 IST" skipped="0">
  <testcase classname="com.ohrm.testcases.DashboardPageTest" name="myActionSection" time="23.828"/>
  <system-out/>
</testsuite> <!-- com.ohrm.testcases.DashboardPageTest -->
