<?xml version="1.0" encoding="UTF-8"?>
<!-- Generated by org.testng.reporters.JUnitReportReporter -->
<testsuite hostname="DESKTOP-VRBAL0D" failures="0" tests="4" name="com.ohrm.testcases.LoginPageTest" time="115.269" errors="0" timestamp="2023-01-30T20:54:08 IST" skipped="0">
  <testcase classname="com.ohrm.testcases.LoginPageTest" name="forgotPasswordTest" time="35.524"/>
  <system-out/>
  <testcase classname="com.ohrm.testcases.LoginPageTest" name="validateLogin" time="36.899"/>
  <system-out/>
  <testcase classname="com.ohrm.testcases.LoginPageTest" name="companyLinkTest" time="20.611"/>
  <system-out/>
  <testcase classname="com.ohrm.testcases.LoginPageTest" name="validateTitleTest" time="22.235"/>
  <system-out/>
</testsuite> <!-- com.ohrm.testcases.LoginPageTest -->
